*****************CTP TRADE CHANNEL STARTED*****************
InstrumentID=CF905
InstrumentID=TA905
InstrumentID=SR911
InstrumentID=a1911
InstrumentID=b1905
InstrumentID=bb1905
InstrumentID=au1904
InstrumentID=bu2003
InstrumentID=bu1909
InstrumentID=ag1910
InstrumentID=al1910
InstrumentID=bu1904
InstrumentID=cu1910
InstrumentID=hc1910
InstrumentID=ni1910
InstrumentID=pb1910
InstrumentID=rb1910
InstrumentID=ru1910
InstrumentID=sn1910
InstrumentID=wr1910
InstrumentID=zn1910
InstrumentID=ag1907
InstrumentID=al1907
InstrumentID=au1908
InstrumentID=cu1907
InstrumentID=hc1907
InstrumentID=ni1907
InstrumentID=pb1907
InstrumentID=rb1907
InstrumentID=ru1907
InstrumentID=sn1907
InstrumentID=wr1907
InstrumentID=zn1907
InstrumentID=ZC003
InstrumentID=a1905
InstrumentID=fu1909
InstrumentID=fu1906
InstrumentID=fu1908
InstrumentID=fu1907
InstrumentID=fu1904
InstrumentID=fu1910
InstrumentID=fu1911
InstrumentID=fu1905
InstrumentID=sp1906
InstrumentID=sp1907
InstrumentID=sp1908
InstrumentID=sp1909
InstrumentID=sp1910
InstrumentID=sp1911
InstrumentID=b1904
InstrumentID=b1906
InstrumentID=b1908
InstrumentID=b1910
InstrumentID=TA002
InstrumentID=b2002
InstrumentID=bb2002
InstrumentID=fb2002
InstrumentID=CY002
InstrumentID=FG002
InstrumentID=i2002
InstrumentID=j2002
InstrumentID=jm2002
InstrumentID=l2002
InstrumentID=MA002
InstrumentID=p2002
InstrumentID=pp2002
InstrumentID=SF002
InstrumentID=SM002
InstrumentID=v2002
InstrumentID=CF907
InstrumentID=TA907
InstrumentID=a2001
InstrumentID=b1907
InstrumentID=bb1907
InstrumentID=c1907
InstrumentID=cs1907
InstrumentID=fb1907
InstrumentID=i1907
InstrumentID=j1907
InstrumentID=jm1907
InstrumentID=l1907
InstrumentID=m1907
InstrumentID=p1907
InstrumentID=pp1907
InstrumentID=v1907
InstrumentID=y1907
InstrumentID=AP907
InstrumentID=CY907
InstrumentID=FG907
InstrumentID=JR907
InstrumentID=LR907
InstrumentID=MA907
InstrumentID=OI907
InstrumentID=PM907
InstrumentID=RI907
InstrumentID=RM907
InstrumentID=RS907
InstrumentID=SF907
InstrumentID=SM907
InstrumentID=WH907
InstrumentID=c1905
InstrumentID=cs1905
InstrumentID=fb1905
InstrumentID=i1905
InstrumentID=j1905
InstrumentID=jm1905
InstrumentID=l1905
InstrumentID=m1905
InstrumentID=p1905
InstrumentID=pp1905
InstrumentID=v1905
InstrumentID=y1905
InstrumentID=AP905
InstrumentID=CY905
InstrumentID=FG905
InstrumentID=JR905
InstrumentID=LR905
InstrumentID=MA905
InstrumentID=OI905
InstrumentID=PM905
InstrumentID=RI905
InstrumentID=RM905
InstrumentID=SF905
InstrumentID=SM905
InstrumentID=WH905
InstrumentID=ag1905
InstrumentID=al1905
InstrumentID=au1906
InstrumentID=ag1904
InstrumentID=al1904
InstrumentID=cu1904
InstrumentID=hc1904
InstrumentID=ni1904
InstrumentID=pb1904
InstrumentID=rb1904
InstrumentID=cu1905
InstrumentID=hc1905
InstrumentID=ni1905
InstrumentID=pb1905
InstrumentID=rb1905
InstrumentID=ru1905
InstrumentID=sn1905
InstrumentID=wr1905
InstrumentID=zn1905
InstrumentID=ag1906
InstrumentID=al1906
InstrumentID=bu2006
InstrumentID=cu1906
InstrumentID=hc1906
InstrumentID=ni1906
InstrumentID=pb1906
InstrumentID=rb1906
InstrumentID=ru1906
InstrumentID=sn1906
InstrumentID=wr1906
InstrumentID=zn1906
InstrumentID=sc2109
InstrumentID=ru1904
InstrumentID=sn1904
InstrumentID=wr1904
InstrumentID=zn1904
InstrumentID=ZC905
InstrumentID=sc2106
InstrumentID=TA906
InstrumentID=ag2002
InstrumentID=sc1908
InstrumentID=al2002
InstrumentID=au1905
InstrumentID=bu1908
InstrumentID=cu2002
InstrumentID=hc2002
InstrumentID=ni2002
InstrumentID=pb2002
InstrumentID=rb2002
InstrumentID=sn2002
InstrumentID=sp2002
InstrumentID=wr2002
InstrumentID=zn2002
InstrumentID=IC1904
InstrumentID=IF1904
InstrumentID=IH1904
InstrumentID=eg2002
InstrumentID=jd2002
InstrumentID=ZC904
InstrumentID=sc1907
InstrumentID=ZC907
InstrumentID=ZC908
InstrumentID=jd1908
InstrumentID=CF909
InstrumentID=TA909
InstrumentID=b1909
InstrumentID=bb1909
InstrumentID=c1909
InstrumentID=cs1909
InstrumentID=fb1909
InstrumentID=i1909
InstrumentID=j1909
InstrumentID=jm1909
InstrumentID=l1909
InstrumentID=m1909
InstrumentID=p1909
InstrumentID=pp1909
InstrumentID=v1909
InstrumentID=y1909
InstrumentID=T1906
InstrumentID=TF1906
InstrumentID=CY909
InstrumentID=FG909
InstrumentID=JR909
InstrumentID=sc2006
InstrumentID=ag1908
InstrumentID=al1908
InstrumentID=cu1908
InstrumentID=hc1908
InstrumentID=ni1908
InstrumentID=pb1908
InstrumentID=rb1908
InstrumentID=ru1908
InstrumentID=sn1908
InstrumentID=wr1908
InstrumentID=zn1908
InstrumentID=LR909
InstrumentID=MA909
InstrumentID=OI909
InstrumentID=PM909
InstrumentID=RI909
InstrumentID=RM909
InstrumentID=RS909
InstrumentID=SF909
InstrumentID=SM909
InstrumentID=WH909
InstrumentID=jd1909
InstrumentID=TA910
InstrumentID=bb1910
InstrumentID=fb1910
InstrumentID=i1910
InstrumentID=j1910
InstrumentID=jm1910
InstrumentID=l1910
InstrumentID=p1910
InstrumentID=pp1910
InstrumentID=IC1906
InstrumentID=v1910
InstrumentID=IF1906
InstrumentID=IH1906
InstrumentID=AP910
InstrumentID=CY910
InstrumentID=FG910
InstrumentID=MA910
InstrumentID=SF910
InstrumentID=SM910
InstrumentID=jd1911
InstrumentID=eg1906
InstrumentID=eg1907
InstrumentID=eg1908
InstrumentID=eg1909
InstrumentID=eg1910
InstrumentID=eg1911
InstrumentID=ZC912
InstrumentID=ZC001
InstrumentID=SR001
InstrumentID=fu2001
InstrumentID=sc2001
InstrumentID=fu1912
InstrumentID=sc2112
InstrumentID=sc1904
InstrumentID=CF001
InstrumentID=TA001
InstrumentID=b2001
InstrumentID=bb2001
InstrumentID=c2001
InstrumentID=cs2001
InstrumentID=fb2001
InstrumentID=i2001
InstrumentID=j2001
InstrumentID=jm2001
InstrumentID=l2001
InstrumentID=m2001
InstrumentID=p2001
InstrumentID=pp2001
InstrumentID=v2001
InstrumentID=y2001
InstrumentID=ag2001
InstrumentID=al2001
InstrumentID=au2002
InstrumentID=bu1907
InstrumentID=cu2001
InstrumentID=hc2001
InstrumentID=ni2001
InstrumentID=pb2001
InstrumentID=rb2001
InstrumentID=ru2001
InstrumentID=sc2009
InstrumentID=sn2001
InstrumentID=ag1909
InstrumentID=al1909
InstrumentID=au1910
InstrumentID=bu2009
InstrumentID=cu1909
InstrumentID=hc1909
InstrumentID=ni1909
InstrumentID=pb1909
InstrumentID=rb1909
InstrumentID=ru1909
InstrumentID=sn1909
InstrumentID=wr1909
InstrumentID=zn1909
InstrumentID=sp2001
InstrumentID=wr2001
InstrumentID=zn2001
InstrumentID=AP001
InstrumentID=CY001
InstrumentID=FG001
InstrumentID=JR001
InstrumentID=LR001
InstrumentID=MA001
InstrumentID=OI001
InstrumentID=PM001
InstrumentID=RI001
InstrumentID=RM001
InstrumentID=SF001
InstrumentID=bu1906
InstrumentID=SM001
InstrumentID=sc1910
InstrumentID=WH001
InstrumentID=fu2002
InstrumentID=sc2002
InstrumentID=ZC002
InstrumentID=eg2003
InstrumentID=jd2003
InstrumentID=jd1910
InstrumentID=eg2001
InstrumentID=jd2001
InstrumentID=SR905
InstrumentID=ag1911
InstrumentID=al1911
InstrumentID=au1912
InstrumentID=bu1905
InstrumentID=cu1911
InstrumentID=hc1911
InstrumentID=ni1911
InstrumentID=pb1911
InstrumentID=rb1911
InstrumentID=ru1911
InstrumentID=sn1911
InstrumentID=wr1911
InstrumentID=zn1911
InstrumentID=T1912
InstrumentID=TF1912
InstrumentID=TS1912
InstrumentID=TA912
InstrumentID=b1912
InstrumentID=bb1912
InstrumentID=fb1912
InstrumentID=i1912
InstrumentID=j1912
InstrumentID=jm1912
InstrumentID=l1912
InstrumentID=m1912
InstrumentID=p1912
InstrumentID=pp1912
InstrumentID=v1912
InstrumentID=y1912
InstrumentID=AP912
InstrumentID=CY912
InstrumentID=FG912
InstrumentID=MA912
InstrumentID=SF912
InstrumentID=SM912
InstrumentID=T1909
InstrumentID=TF1909
InstrumentID=TS1909
InstrumentID=ag1912
InstrumentID=al1912
InstrumentID=bu2012
InstrumentID=cu1912
InstrumentID=hc1912
InstrumentID=ni1912
InstrumentID=pb1912
InstrumentID=rb1912
InstrumentID=sn1912
InstrumentID=sp1912
InstrumentID=wr1912
InstrumentID=zn1912
InstrumentID=SR907
InstrumentID=a1907
InstrumentID=bu1912
InstrumentID=sc1906
InstrumentID=sc1909
InstrumentID=sc1912
InstrumentID=sc2003
InstrumentID=sc2103
InstrumentID=jd1906
InstrumentID=sc1911
InstrumentID=CY906
InstrumentID=FG906
InstrumentID=MA906
InstrumentID=SF906
InstrumentID=SM906
InstrumentID=bb1906
InstrumentID=fb1906
InstrumentID=i1906
InstrumentID=j1906
InstrumentID=jm1906
InstrumentID=l1906
InstrumentID=p1906
InstrumentID=pp1906
InstrumentID=v1906
InstrumentID=CF003
InstrumentID=TA003
InstrumentID=SR003
InstrumentID=a2003
InstrumentID=AP003
InstrumentID=CY003
InstrumentID=FG003
InstrumentID=JR003
InstrumentID=LR003
InstrumentID=TA904
InstrumentID=CY904
InstrumentID=FG904
InstrumentID=MA904
InstrumentID=SF904
InstrumentID=SM904
InstrumentID=bb1904
InstrumentID=fb1904
InstrumentID=i1904
InstrumentID=j1904
InstrumentID=jm1904
InstrumentID=l1904
InstrumentID=p1904
InstrumentID=pp1904
InstrumentID=v1904
InstrumentID=jd1904
InstrumentID=ZC906
InstrumentID=jd1907
InstrumentID=TA908
InstrumentID=bb1908
InstrumentID=fb1908
InstrumentID=i1908
InstrumentID=j1908
InstrumentID=jm1908
InstrumentID=l1908
InstrumentID=m1908
InstrumentID=p1908
InstrumentID=pp1908
InstrumentID=CY908
InstrumentID=MA003
InstrumentID=OI003
InstrumentID=PM003
InstrumentID=RI003
InstrumentID=RM003
InstrumentID=SF003
InstrumentID=SM003
InstrumentID=WH003
InstrumentID=b2003
InstrumentID=bb2003
InstrumentID=c2003
InstrumentID=cs2003
InstrumentID=fb2003
InstrumentID=i2003
InstrumentID=j2003
InstrumentID=jm2003
InstrumentID=l2003
InstrumentID=m2003
InstrumentID=p2003
InstrumentID=pp2003
InstrumentID=v2003
InstrumentID=y2003
InstrumentID=v1908
InstrumentID=y1908
InstrumentID=FG908
InstrumentID=MA908
InstrumentID=RM908
InstrumentID=RS908
InstrumentID=SF908
InstrumentID=SM908
InstrumentID=CF911
InstrumentID=SR005
InstrumentID=TA911
InstrumentID=AP911
InstrumentID=CY911
InstrumentID=FG911
InstrumentID=JR911
InstrumentID=LR911
InstrumentID=MA911
InstrumentID=OI911
InstrumentID=PM911
InstrumentID=RI911
InstrumentID=RM911
InstrumentID=RS911
InstrumentID=SF911
InstrumentID=SM911
InstrumentID=WH911
InstrumentID=a2005
InstrumentID=b1911
InstrumentID=bb1911
InstrumentID=c1911
InstrumentID=cs1911
InstrumentID=fb1911
InstrumentID=i1911
InstrumentID=j1911
InstrumentID=jm1911
InstrumentID=l1911
InstrumentID=m1911
InstrumentID=p1911
InstrumentID=pp1911
InstrumentID=v1911
InstrumentID=y1911
InstrumentID=IC1909
InstrumentID=IF1909
InstrumentID=IH1909
InstrumentID=fu2003
InstrumentID=sc2203
InstrumentID=ag2003
InstrumentID=al2003
InstrumentID=au2004
InstrumentID=bu2103
InstrumentID=cu2003
InstrumentID=hc2003
InstrumentID=ni2003
InstrumentID=pb2003
InstrumentID=rb2003
InstrumentID=ru2003
InstrumentID=eg1912
InstrumentID=jd1912
InstrumentID=jd1905
InstrumentID=sn2003
InstrumentID=sp2003
InstrumentID=wr2003
InstrumentID=zn2003
InstrumentID=IC1905
InstrumentID=IF1905
InstrumentID=IH1905
InstrumentID=sc1905
InstrumentID=sc2012
InstrumentID=SR909
InstrumentID=a1909
InstrumentID=ZC909
InstrumentID=ZC910
InstrumentID=ZC911
InstrumentID=TS1906
